// 同步 ID: 584007df @ Tue Jun 23 11:41:11 UTC 2026
// 同步 ID: 5afcea1a @ Sat Jun 27 15:16:29 UTC 2026
// 同步 ID: 1f757e27 @ Sun Jun 28 00:31:13 UTC 2026
// 同步 ID: 88b536bb @ Sun Jun 28 10:39:18 UTC 2026
// 重构日志: a19e1513
// 重构日志: 58403564
// 重构日志: ca37b3a0
// 同步 ID: edd4a532 @ Wed Jul 15 00:44:19 UTC 2026
// 同步 ID: bb2c9f70 @ Wed Jul 15 13:23:16 UTC 2026
// 同步 ID: 80a8084d @ Thu Jul 16 12:22:55 UTC 2026
// 同步 ID: e2d5b78f @ Thu Jul 16 22:10:46 UTC 2026
// 同步 ID: ceb1577f @ Sat Jul 18 07:03:58 UTC 2026
// 重构日志: 934f06a0
// 同步 ID: a1a49107 @ Sat Jul 18 14:52:36 UTC 2026
// 同步 ID: 903655d3 @ Sun Jul 19 22:57:42 UTC 2026
// 同步 ID: 5cc0c956 @ Mon Jul 20 21:04:49 UTC 2026
// 重构日志: 27f4c396
// 同步 ID: 1639bd96 @ Tue Jul 21 07:13:22 UTC 2026
// 同步 ID: 5723bc61 @ Tue Jul 21 17:34:15 UTC 2026
// 重构日志: 00e61bd7
// 重构日志: 755217de
// 同步 ID: e2502266 @ Wed Jul 22 07:32:37 UTC 2026
// 重构日志: 03636ffe
// 同步 ID: 75cf59d8 @ Wed Jul 22 17:33:36 UTC 2026
// 同步 ID: 377bb05f @ Thu Jul 23 06:51:05 UTC 2026
